2025-02-10 18:27:08.2782|INFO|Microsoft.Hosting.Lifetime|Now listening on: http://localhost:5264 
2025-02-10 18:27:08.9727|INFO|Microsoft.Hosting.Lifetime|Application started. Press Ctrl+C to shut down. 
2025-02-10 18:27:08.9727|INFO|Microsoft.Hosting.Lifetime|Hosting environment: Development 
2025-02-10 18:27:08.9727|INFO|Microsoft.Hosting.Lifetime|Content root path: E:\Code\项目--学习\HelperWorkStation\PLCHelperStation\PLCHelperStation 
2025-02-10 20:47:30.0407|INFO|Microsoft.Hosting.Lifetime|Now listening on: http://localhost:5264 
2025-02-10 20:47:30.4264|INFO|Microsoft.Hosting.Lifetime|Application started. Press Ctrl+C to shut down. 
2025-02-10 20:47:30.4436|INFO|Microsoft.Hosting.Lifetime|Hosting environment: Development 
2025-02-10 20:47:30.4436|INFO|Microsoft.Hosting.Lifetime|Content root path: E:\Code\项目--学习\HelperWorkStation\PLCHelperStation\PLCHelperStation 
2025-02-10 20:48:58.3789|WARN|PLCHelperStation.Controller.DBPointConfigController|获取一次S7配置 
2025-02-10 20:48:58.4539|ERROR|Microsoft.AspNetCore.Diagnostics.DeveloperExceptionPageMiddleware|An unhandled exception has occurred while executing the request. System.ObjectDisposedException: Cannot access a disposed context instance. A common cause of this error is disposing a context instance that was resolved from dependency injection and then later trying to use the same context instance elsewhere in your application. This may occur if you are calling 'Dispose' on the context instance, or wrapping it in a using statement. If you are using dependency injection, you should let the dependency injection container take care of disposing context instances.
Object name: 'TestDbContext'.
   at Microsoft.EntityFrameworkCore.DbContext.CheckDisposed()
   at Microsoft.EntityFrameworkCore.DbContext.get_ContextServices()
   at Microsoft.EntityFrameworkCore.DbContext.get_InternalServiceProvider()
   at Microsoft.EntityFrameworkCore.DbContext.get_ChangeTracker()
   at Microsoft.EntityFrameworkCore.Query.CompiledQueryCacheKeyGenerator.GenerateCacheKeyCore(Expression query, Boolean async)
   at Microsoft.EntityFrameworkCore.Query.RelationalCompiledQueryCacheKeyGenerator.GenerateCacheKeyCore(Expression query, Boolean async)
   at Microsoft.EntityFrameworkCore.SqlServer.Query.Internal.SqlServerCompiledQueryCacheKeyGenerator.GenerateCacheKey(Expression query, Boolean async)
   at Microsoft.EntityFrameworkCore.Query.Internal.QueryCompiler.ExecuteAsync[TResult](Expression query, CancellationToken cancellationToken)
   at Microsoft.EntityFrameworkCore.Query.Internal.EntityQueryProvider.ExecuteAsync[TResult](Expression expression, CancellationToken cancellationToken)
   at Microsoft.EntityFrameworkCore.Query.Internal.EntityQueryable`1.GetAsyncEnumerator(CancellationToken cancellationToken)
   at System.Text.Json.Serialization.Converters.IAsyncEnumerableOfTConverter`2.OnWriteResume(Utf8JsonWriter writer, TAsyncEnumerable value, JsonSerializerOptions options, WriteStack& state)
   at System.Text.Json.Serialization.JsonCollectionConverter`2.OnTryWrite(Utf8JsonWriter writer, TCollection value, JsonSerializerOptions options, WriteStack& state)
   at System.Text.Json.Serialization.JsonConverter`1.TryWrite(Utf8JsonWriter writer, T& value, JsonSerializerOptions options, WriteStack& state)
   at System.Text.Json.Serialization.JsonConverter`1.WriteCore(Utf8JsonWriter writer, T& value, JsonSerializerOptions options, WriteStack& state)
   at System.Text.Json.Serialization.Metadata.JsonTypeInfo`1.SerializeAsync(Stream utf8Json, T rootValue, CancellationToken cancellationToken, Object rootValueBoxed)
   at System.Text.Json.Serialization.Metadata.JsonTypeInfo`1.SerializeAsync(Stream utf8Json, T rootValue, CancellationToken cancellationToken, Object rootValueBoxed)
   at System.Text.Json.Serialization.Metadata.JsonTypeInfo`1.SerializeAsync(Stream utf8Json, T rootValue, CancellationToken cancellationToken, Object rootValueBoxed)
   at Microsoft.AspNetCore.Mvc.Formatters.SystemTextJsonOutputFormatter.WriteResponseBodyAsync(OutputFormatterWriteContext context, Encoding selectedEncoding)
   at Microsoft.AspNetCore.Mvc.Infrastructure.ResourceInvoker.<InvokeNextResultFilterAsync>g__Awaited|30_0[TFilter,TFilterAsync](ResourceInvoker invoker, Task lastTask, State next, Scope scope, Object state, Boolean isCompleted)
   at Microsoft.AspNetCore.Mvc.Infrastructure.ResourceInvoker.Rethrow(ResultExecutedContextSealed context)
   at Microsoft.AspNetCore.Mvc.Infrastructure.ResourceInvoker.ResultNext[TFilter,TFilterAsync](State& next, Scope& scope, Object& state, Boolean& isCompleted)
   at Microsoft.AspNetCore.Mvc.Infrastructure.ResourceInvoker.InvokeResultFilters()
--- End of stack trace from previous location ---
   at Microsoft.AspNetCore.Mvc.Infrastructure.ResourceInvoker.<InvokeFilterPipelineAsync>g__Awaited|20_0(ResourceInvoker invoker, Task lastTask, State next, Scope scope, Object state, Boolean isCompleted)
   at Microsoft.AspNetCore.Mvc.Infrastructure.ResourceInvoker.<InvokeAsync>g__Awaited|17_0(ResourceInvoker invoker, Task task, IDisposable scope)
   at Microsoft.AspNetCore.Mvc.Infrastructure.ResourceInvoker.<InvokeAsync>g__Awaited|17_0(ResourceInvoker invoker, Task task, IDisposable scope)
   at Microsoft.AspNetCore.Authorization.AuthorizationMiddleware.Invoke(HttpContext context)
   at Microsoft.AspNetCore.Authentication.AuthenticationMiddleware.Invoke(HttpContext context)
   at Swashbuckle.AspNetCore.SwaggerUI.SwaggerUIMiddleware.Invoke(HttpContext httpContext)
   at Swashbuckle.AspNetCore.Swagger.SwaggerMiddleware.Invoke(HttpContext httpContext, ISwaggerProvider swaggerProvider)
   at Microsoft.AspNetCore.Diagnostics.DeveloperExceptionPageMiddlewareImpl.Invoke(HttpContext context)
2025-02-10 20:49:18.1440|WARN|PLCHelperStation.Controller.ModbusConfigController|获取一次所有PLC的名称！ 
2025-02-10 20:53:42.4802|WARN|PLCHelperStation.Controller.DBPointConfigController|获取一次S7配置 
2025-02-10 20:53:49.9785|WARN|PLCHelperStation.Controller.DBPointConfigController|获取一次数据点配置 
2025-02-10 20:55:37.4143|WARN|PLCHelperStation.Controller.DBPointConfigController|添加数据点配置,添加成功！ 
2025-02-10 20:55:41.6166|WARN|PLCHelperStation.Controller.DBPointConfigController|获取一次S7配置 
2025-02-10 20:55:44.7708|WARN|PLCHelperStation.Controller.DBPointConfigController|获取一次数据点配置 
2025-02-10 21:17:44.6932|WARN|PLCHelperStation.Controller.S7ConfigController|获取一次S7配置信息 
2025-02-10 21:48:27.5398|WARN|PLCHelperStation.Controller.DBPointConfigController|获取一次S7配置 
2025-02-10 21:48:49.0035|WARN|PLCHelperStation.Controller.DBPointConfigController|获取一次S7配置 
2025-02-10 21:48:56.5321|WARN|PLCHelperStation.Controller.S7ConfigController|获取一次S7配置信息 
2025-02-10 21:48:57.1070|WARN|PLCHelperStation.Controller.ModbusConfigController|获取一次所有PLC的名称！ 
2025-02-10 21:48:57.1296|WARN|PLCHelperStation.Controller.ModbusConfigController|获取一次所有Modbus配置 
2025-02-10 21:48:57.8331|WARN|PLCHelperStation.Controller.S7ConfigController|获取一次S7配置信息 
2025-02-10 21:48:58.6788|WARN|PLCHelperStation.Controller.DBPointConfigController|获取一次S7配置 
2025-02-10 21:49:50.7049|WARN|PLCHelperStation.Controller.PLCConfigController|获取一次PLC配置 
2025-02-10 21:49:54.0072|WARN|PLCHelperStation.Controller.S7ConfigController|获取一次S7配置信息 
2025-02-10 21:49:55.0156|WARN|PLCHelperStation.Controller.ModbusConfigController|获取一次所有Modbus配置 
2025-02-10 21:49:55.0254|WARN|PLCHelperStation.Controller.ModbusConfigController|获取一次所有PLC的名称！ 
2025-02-10 21:51:16.7667|WARN|PLCHelperStation.Controller.DBPointConfigController|获取一次S7配置 
2025-02-10 21:52:47.5018|WARN|PLCHelperStation.Controller.DBPointConfigController|获取一次S7配置 
2025-02-10 21:53:43.1700|WARN|PLCHelperStation.Controller.DBPointConfigController|获取一次S7配置 
2025-02-10 21:55:53.5283|WARN|PLCHelperStation.Controller.DBPointConfigController|获取一次S7配置 
2025-02-10 21:56:33.1080|WARN|PLCHelperStation.Controller.DBPointConfigController|获取一次S7配置 
2025-02-10 21:56:33.1189|WARN|PLCHelperStation.Controller.DBPointConfigController|获取一次数据点配置 
2025-02-10 22:01:47.4297|WARN|PLCHelperStation.Controller.DBPointConfigController|获取一次S7配置 
2025-02-10 22:01:47.4297|WARN|PLCHelperStation.Controller.DBPointConfigController|获取一次数据点配置 
2025-02-10 22:01:49.1084|WARN|PLCHelperStation.Controller.S7ConfigController|获取一次S7配置信息 
2025-02-10 22:01:51.0834|WARN|PLCHelperStation.Controller.ModbusConfigController|获取一次所有PLC的名称！ 
2025-02-10 22:01:51.0834|WARN|PLCHelperStation.Controller.ModbusConfigController|获取一次所有Modbus配置 
2025-02-10 22:01:51.7148|WARN|PLCHelperStation.Controller.S7ConfigController|获取一次S7配置信息 
2025-02-10 22:01:52.2936|WARN|PLCHelperStation.Controller.DBPointConfigController|获取一次数据点配置 
2025-02-10 22:01:52.2936|WARN|PLCHelperStation.Controller.DBPointConfigController|获取一次S7配置 
2025-02-10 22:03:16.4356|WARN|PLCHelperStation.Controller.DBPointConfigController|获取一次S7配置 
2025-02-10 22:03:16.4356|WARN|PLCHelperStation.Controller.DBPointConfigController|获取一次数据点配置 
2025-02-10 22:25:03.9172|WARN|PLCHelperStation.Controller.DBPointConfigController|获取一次S7配置 
2025-02-10 22:25:03.9172|WARN|PLCHelperStation.Controller.DBPointConfigController|获取一次数据点配置 
2025-02-10 22:30:08.7253|WARN|PLCHelperStation.Controller.DBPointConfigController|获取一次S7配置 
2025-02-10 22:30:08.7253|WARN|PLCHelperStation.Controller.DBPointConfigController|获取一次数据点配置 
2025-02-10 22:30:54.2527|WARN|PLCHelperStation.Controller.DBPointConfigController|获取一次S7配置 
2025-02-10 22:30:54.2527|WARN|PLCHelperStation.Controller.DBPointConfigController|获取一次数据点配置 
2025-02-10 22:31:06.9726|WARN|PLCHelperStation.Controller.S7ConfigController|获取一次S7配置信息 
2025-02-10 22:31:11.5019|WARN|PLCHelperStation.Controller.DBPointConfigController|获取一次S7配置 
2025-02-10 22:31:11.5019|WARN|PLCHelperStation.Controller.DBPointConfigController|获取一次数据点配置 
2025-02-10 22:37:08.6812|WARN|PLCHelperStation.Controller.DBPointConfigController|获取一次数据点配置 
2025-02-10 22:37:08.6812|WARN|PLCHelperStation.Controller.DBPointConfigController|获取一次S7配置 
2025-02-10 22:37:35.1689|WARN|PLCHelperStation.Controller.DBPointConfigController|获取一次S7配置 
2025-02-10 22:37:35.1689|WARN|PLCHelperStation.Controller.DBPointConfigController|获取一次数据点配置 
2025-02-10 22:39:48.9320|WARN|PLCHelperStation.Controller.DBPointConfigController|获取一次数据点配置 
2025-02-10 22:39:48.9320|WARN|PLCHelperStation.Controller.DBPointConfigController|获取一次S7配置 
2025-02-10 22:42:10.2251|WARN|PLCHelperStation.Controller.DBPointConfigController|获取一次数据点配置 
2025-02-10 22:42:10.2251|WARN|PLCHelperStation.Controller.DBPointConfigController|获取一次S7配置 
2025-02-10 23:13:27.2972|WARN|PLCHelperStation.Controller.DBPointConfigController|获取一次S7配置 
2025-02-10 23:13:27.2972|WARN|PLCHelperStation.Controller.DBPointConfigController|获取一次数据点配置 
2025-02-10 23:13:45.2715|WARN|PLCHelperStation.Controller.DBPointConfigController|添加数据点配置,添加成功！ 
2025-02-10 23:14:01.9943|WARN|PLCHelperStation.Controller.DBPointConfigController|获取一次数据点配置 
2025-02-10 23:14:01.9943|WARN|PLCHelperStation.Controller.DBPointConfigController|获取一次S7配置 
2025-02-10 23:14:18.2044|WARN|PLCHelperStation.Controller.DBPointConfigController|添加数据点配置,添加成功！ 
2025-02-10 23:14:21.2914|WARN|PLCHelperStation.Controller.DBPointConfigController|获取一次S7配置 
2025-02-10 23:14:21.2914|WARN|PLCHelperStation.Controller.DBPointConfigController|获取一次数据点配置 
2025-02-10 23:14:25.6334|WARN|PLCHelperStation.Controller.ModbusConfigController|获取一次所有PLC的名称！ 
2025-02-10 23:14:25.6334|WARN|PLCHelperStation.Controller.ModbusConfigController|获取一次所有Modbus配置 
2025-02-10 23:14:26.1345|WARN|PLCHelperStation.Controller.S7ConfigController|获取一次S7配置信息 
2025-02-10 23:14:27.2756|WARN|PLCHelperStation.Controller.DBPointConfigController|获取一次S7配置 
2025-02-10 23:14:27.2756|WARN|PLCHelperStation.Controller.DBPointConfigController|获取一次数据点配置 
2025-02-10 23:14:48.5525|WARN|PLCHelperStation.Controller.DBPointConfigController|获取一次S7配置 
2025-02-10 23:14:48.5525|WARN|PLCHelperStation.Controller.DBPointConfigController|获取一次数据点配置 
2025-02-10 23:16:26.6956|WARN|PLCHelperStation.Controller.DBPointConfigController|获取一次S7配置 
2025-02-10 23:16:26.6956|WARN|PLCHelperStation.Controller.DBPointConfigController|获取一次数据点配置 
2025-02-10 23:16:36.5626|WARN|PLCHelperStation.Controller.DBPointConfigController|添加数据点配置,添加成功！ 
2025-02-10 23:16:45.4019|WARN|PLCHelperStation.Controller.DBPointConfigController|获取一次数据点配置 
2025-02-10 23:16:45.4019|WARN|PLCHelperStation.Controller.DBPointConfigController|获取一次S7配置 
2025-02-10 23:17:12.5409|WARN|PLCHelperStation.Controller.DBPointConfigController|获取一次S7配置 
2025-02-10 23:17:12.5409|WARN|PLCHelperStation.Controller.DBPointConfigController|获取一次数据点配置 
2025-02-10 23:17:24.4791|WARN|PLCHelperStation.Controller.ModbusConfigController|获取一次所有PLC的名称！ 
2025-02-10 23:17:24.4791|WARN|PLCHelperStation.Controller.ModbusConfigController|获取一次所有Modbus配置 
2025-02-10 23:17:26.2884|WARN|PLCHelperStation.Controller.DBPointConfigController|获取一次数据点配置 
2025-02-10 23:17:26.2884|WARN|PLCHelperStation.Controller.DBPointConfigController|获取一次S7配置 
2025-02-10 23:17:46.8955|ERROR|PLCHelperStation.Controller.DBPointConfigController|添加数据点配置，该配置名已存在，配置名称不能重复！ 
2025-02-10 23:17:57.6888|WARN|PLCHelperStation.Controller.DBPointConfigController|添加数据点配置,添加成功！ 
2025-02-10 23:18:12.1991|WARN|PLCHelperStation.Controller.DBPointConfigController|获取一次S7配置 
2025-02-10 23:18:12.1991|WARN|PLCHelperStation.Controller.DBPointConfigController|获取一次数据点配置 
2025-02-10 23:18:24.6557|WARN|PLCHelperStation.Controller.DBPointConfigController|添加数据点配置,添加成功！ 
2025-02-10 23:18:24.6676|WARN|PLCHelperStation.Controller.DBPointConfigController|获取一次数据点配置 
2025-02-10 23:20:59.8724|WARN|PLCHelperStation.Controller.DBPointConfigController|获取一次S7配置 
2025-02-10 23:20:59.8724|WARN|PLCHelperStation.Controller.DBPointConfigController|获取一次数据点配置 
2025-02-10 23:21:17.1251|WARN|PLCHelperStation.Controller.DBPointConfigController|获取一次数据点配置 
2025-02-10 23:21:17.1251|WARN|PLCHelperStation.Controller.DBPointConfigController|获取一次S7配置 
2025-02-10 23:21:20.0637|WARN|PLCHelperStation.Controller.DBPointConfigController|删除数据点配置操作，删除成功！ 
2025-02-10 23:21:20.0811|WARN|PLCHelperStation.Controller.DBPointConfigController|获取一次数据点配置 
2025-02-10 23:21:30.3734|WARN|PLCHelperStation.Controller.DBPointConfigController|删除数据点配置操作，删除成功！ 
2025-02-10 23:21:30.4078|WARN|PLCHelperStation.Controller.DBPointConfigController|获取一次数据点配置 
2025-02-10 23:21:36.8229|WARN|PLCHelperStation.Controller.DBPointConfigController|删除数据点配置操作，删除成功！ 
2025-02-10 23:21:36.8229|WARN|PLCHelperStation.Controller.DBPointConfigController|获取一次数据点配置 
2025-02-10 23:21:50.5046|WARN|PLCHelperStation.Controller.ModbusConfigController|获取一次所有PLC的名称！ 
2025-02-10 23:21:50.5046|WARN|PLCHelperStation.Controller.ModbusConfigController|获取一次所有Modbus配置 
2025-02-10 23:21:59.8241|WARN|PLCHelperStation.Controller.ModbusConfigController|执行删除Modbus配置操作，删除成功！ 
2025-02-10 23:21:59.8373|WARN|PLCHelperStation.Controller.ModbusConfigController|获取一次所有Modbus配置 
2025-02-10 23:22:01.9205|WARN|PLCHelperStation.Controller.DBPointConfigController|获取一次S7配置 
2025-02-10 23:22:01.9665|WARN|PLCHelperStation.Controller.DBPointConfigController|获取一次数据点配置 
2025-02-10 23:22:02.5366|WARN|PLCHelperStation.Controller.S7ConfigController|获取一次S7配置信息 
2025-02-10 23:22:06.1071|WARN|PLCHelperStation.Controller.S7ConfigController|执行删除id为:4S7配置操作，删除成功！ 
2025-02-10 23:22:06.1190|WARN|PLCHelperStation.Controller.S7ConfigController|获取一次S7配置信息 
2025-02-10 23:22:07.8295|WARN|PLCHelperStation.Controller.DBPointConfigController|获取一次S7配置 
2025-02-10 23:22:07.8333|WARN|PLCHelperStation.Controller.DBPointConfigController|获取一次数据点配置 
2025-02-10 23:22:11.2272|ERROR|PLCHelperStation.Controller.DBPointConfigController|删除数据点配置操作，要删除的对象不存在 
2025-02-10 23:22:19.1944|WARN|PLCHelperStation.Controller.DBPointConfigController|获取一次S7配置 
2025-02-10 23:22:19.1944|WARN|PLCHelperStation.Controller.DBPointConfigController|获取一次数据点配置 
2025-02-10 23:22:22.0069|WARN|PLCHelperStation.Controller.ModbusConfigController|获取一次所有PLC的名称！ 
2025-02-10 23:22:22.0069|WARN|PLCHelperStation.Controller.ModbusConfigController|获取一次所有Modbus配置 
2025-02-10 23:22:22.6244|WARN|PLCHelperStation.Controller.S7ConfigController|获取一次S7配置信息 
2025-02-10 23:22:23.4584|WARN|PLCHelperStation.Controller.DBPointConfigController|获取一次S7配置 
2025-02-10 23:22:23.5368|WARN|PLCHelperStation.Controller.DBPointConfigController|获取一次数据点配置 
2025-02-10 23:25:01.6935|WARN|PLCHelperStation.Controller.DBPointConfigController|获取一次S7配置 
2025-02-10 23:25:01.6935|WARN|PLCHelperStation.Controller.DBPointConfigController|获取一次数据点配置 
2025-02-10 23:25:05.2515|WARN|PLCHelperStation.Controller.DBPointConfigController|删除数据点配置操作，删除成功！ 
2025-02-10 23:25:05.2747|WARN|PLCHelperStation.Controller.DBPointConfigController|获取一次数据点配置 
2025-02-10 23:25:27.8054|WARN|PLCHelperStation.Controller.S7ConfigController|获取一次S7配置信息 
2025-02-10 23:25:28.4073|WARN|PLCHelperStation.Controller.ModbusConfigController|获取一次所有Modbus配置 
2025-02-10 23:25:28.4120|WARN|PLCHelperStation.Controller.ModbusConfigController|获取一次所有PLC的名称！ 
2025-02-10 23:25:29.0729|WARN|PLCHelperStation.Controller.DBPointConfigController|获取一次S7配置 
2025-02-10 23:25:29.0729|WARN|PLCHelperStation.Controller.DBPointConfigController|获取一次数据点配置 
2025-02-10 23:31:41.9046|WARN|PLCHelperStation.Controller.DBPointConfigController|获取一次数据点配置 
2025-02-10 23:31:41.9046|WARN|PLCHelperStation.Controller.DBPointConfigController|获取一次S7配置 
2025-02-10 23:33:25.9820|WARN|PLCHelperStation.Controller.DBPointConfigController|获取一次S7配置 
2025-02-10 23:33:25.9820|WARN|PLCHelperStation.Controller.DBPointConfigController|获取一次数据点配置 
2025-02-10 23:33:27.9431|WARN|PLCHelperStation.Controller.DBPointConfigController|获取一次S7配置 
2025-02-10 23:33:27.9431|WARN|PLCHelperStation.Controller.DBPointConfigController|获取一次数据点配置 
2025-02-10 23:39:13.2671|WARN|PLCHelperStation.Controller.DBPointConfigController|获取一次数据点配置 
2025-02-10 23:39:13.2736|WARN|PLCHelperStation.Controller.DBPointConfigController|获取一次S7配置 
2025-02-10 23:44:54.2704|WARN|PLCHelperStation.Controller.DBPointConfigController|获取一次S7配置 
2025-02-10 23:44:54.2704|WARN|PLCHelperStation.Controller.DBPointConfigController|获取一次数据点配置 
2025-02-10 23:49:14.8548|WARN|PLCHelperStation.Controller.DBPointConfigController|获取一次S7配置 
2025-02-10 23:49:14.8548|WARN|PLCHelperStation.Controller.DBPointConfigController|获取一次数据点配置 
2025-02-10 23:49:47.4370|WARN|PLCHelperStation.Controller.DBPointConfigController|修改DB数据点配置:修改成功！ 
2025-02-10 23:49:47.4493|WARN|PLCHelperStation.Controller.DBPointConfigController|获取一次数据点配置 
2025-02-10 23:50:15.0665|WARN|PLCHelperStation.Controller.DBPointConfigController|获取一次数据点配置 
2025-02-10 23:50:15.0665|WARN|PLCHelperStation.Controller.DBPointConfigController|获取一次S7配置 
2025-02-10 23:50:29.2939|WARN|PLCHelperStation.Controller.DBPointConfigController|修改DB数据点配置:修改成功！ 
2025-02-10 23:50:29.3067|WARN|PLCHelperStation.Controller.DBPointConfigController|获取一次数据点配置 
2025-02-10 23:50:53.1608|WARN|PLCHelperStation.Controller.DBPointConfigController|获取一次S7配置 
2025-02-10 23:50:53.1608|WARN|PLCHelperStation.Controller.DBPointConfigController|获取一次数据点配置 
2025-02-10 23:51:24.4171|WARN|PLCHelperStation.Controller.DBPointConfigController|修改DB数据点配置:修改成功！ 
2025-02-10 23:51:24.4319|WARN|PLCHelperStation.Controller.DBPointConfigController|获取一次数据点配置 
2025-02-10 23:51:41.0296|WARN|PLCHelperStation.Controller.Log.OperationLogsController|获取一次所有日志 
2025-02-10 23:51:48.0642|WARN|PLCHelperStation.Controller.DBPointConfigController|获取一次S7配置 
2025-02-10 23:51:48.0642|WARN|PLCHelperStation.Controller.DBPointConfigController|获取一次数据点配置 
2025-02-10 23:54:54.9741|WARN|PLCHelperStation.Controller.DBPointConfigController|获取一次S7配置 
2025-02-10 23:54:54.9741|WARN|PLCHelperStation.Controller.DBPointConfigController|获取一次数据点配置 
2025-02-10 23:54:55.9906|WARN|PLCHelperStation.Controller.S7ConfigController|获取一次S7配置信息 
2025-02-10 23:55:00.9151|WARN|PLCHelperStation.Controller.Log.OperationLogsController|获取一次所有日志 
2025-02-10 23:55:22.2195|WARN|PLCHelperStation.Controller.DBPointConfigController|获取一次S7配置 
2025-02-10 23:55:22.2195|WARN|PLCHelperStation.Controller.DBPointConfigController|获取一次数据点配置 
