2025-02-11 00:03:01.8855|WARN|PLCHelperStation.Controller.PLCConfigController|获取一次PLC配置 
2025-02-11 00:03:08.2367|WARN|PLCHelperStation.Controller.Log.OperationLogsController|获取一次所有日志 
2025-02-11 00:03:28.9617|WARN|PLCHelperStation.Controller.ModbusConfigController|获取一次所有Modbus配置 
2025-02-11 00:03:28.9617|WARN|PLCHelperStation.Controller.ModbusConfigController|获取一次所有PLC的名称！ 
2025-02-11 00:03:32.6994|WARN|PLCHelperStation.Controller.S7ConfigController|获取一次S7配置信息 
2025-02-11 00:03:33.7576|WARN|PLCHelperStation.Controller.DBPointConfigController|获取一次S7配置 
2025-02-11 00:03:33.7758|WARN|PLCHelperStation.Controller.DBPointConfigController|获取一次数据点配置 
2025-02-11 00:03:34.8762|WARN|PLCHelperStation.Controller.S7ConfigController|获取一次S7配置信息 
2025-02-11 00:03:35.8932|WARN|PLCHelperStation.Controller.DBPointConfigController|获取一次S7配置 
2025-02-11 00:03:35.8932|WARN|PLCHelperStation.Controller.DBPointConfigController|获取一次数据点配置 
2025-02-11 00:03:37.0568|WARN|PLCHelperStation.Controller.S7ConfigController|获取一次S7配置信息 
2025-02-11 00:03:37.5386|WARN|PLCHelperStation.Controller.ModbusConfigController|获取一次所有Modbus配置 
2025-02-11 00:03:37.5386|WARN|PLCHelperStation.Controller.ModbusConfigController|获取一次所有PLC的名称！ 
2025-02-11 00:06:55.3604|WARN|PLCHelperStation.Controller.S7ConfigController|获取一次S7配置信息 
2025-02-11 00:06:55.9170|WARN|PLCHelperStation.Controller.DBPointConfigController|获取一次S7配置 
2025-02-11 00:06:55.9170|WARN|PLCHelperStation.Controller.DBPointConfigController|获取一次数据点配置 
2025-02-11 00:07:55.2564|WARN|PLCHelperStation.Controller.DBPointConfigController|启用数据点配置操作，启用id为：1 的配置时发现本来就是启用的状态！ 
2025-02-11 00:08:38.1479|WARN|PLCHelperStation.Controller.DBPointConfigController|获取一次S7配置 
2025-02-11 00:08:38.1479|WARN|PLCHelperStation.Controller.DBPointConfigController|获取一次数据点配置 
2025-02-11 00:08:40.3771|WARN|PLCHelperStation.Controller.DBPointConfigController|启用数据点配置操作，启用id为：1 的配置时发现本来就是启用的状态！ 
2025-02-11 00:08:41.7828|WARN|PLCHelperStation.Controller.DBPointConfigController|启用数据点配置操作，启用id为：3 的配置时发现本来就是启用的状态！ 
2025-02-11 00:10:01.7812|WARN|PLCHelperStation.Controller.DBPointConfigController|获取一次数据点配置 
2025-02-11 00:10:01.7858|WARN|PLCHelperStation.Controller.DBPointConfigController|获取一次S7配置 
2025-02-11 00:10:05.8147|WARN|PLCHelperStation.Controller.DBPointConfigController|停用数据点配置操作，停用成功！ 
2025-02-11 00:10:05.8469|WARN|PLCHelperStation.Controller.DBPointConfigController|获取一次数据点配置 
2025-02-11 00:10:08.4046|WARN|PLCHelperStation.Controller.DBPointConfigController|启用数据点配置操作，启用成功！ 
2025-02-11 00:10:08.4180|WARN|PLCHelperStation.Controller.DBPointConfigController|获取一次数据点配置 
2025-02-11 00:10:09.2471|WARN|PLCHelperStation.Controller.DBPointConfigController|停用数据点配置操作，停用成功！ 
2025-02-11 00:10:09.2564|WARN|PLCHelperStation.Controller.DBPointConfigController|获取一次数据点配置 
2025-02-11 00:10:09.7013|WARN|PLCHelperStation.Controller.DBPointConfigController|停用数据点配置操作，启用id为：1 的配置时发现本来就是停用的状态！ 
2025-02-11 00:10:11.5220|WARN|PLCHelperStation.Controller.DBPointConfigController|启用数据点配置操作，启用成功！ 
2025-02-11 00:10:11.5220|WARN|PLCHelperStation.Controller.DBPointConfigController|获取一次数据点配置 
2025-02-11 00:10:13.5914|WARN|PLCHelperStation.Controller.DBPointConfigController|启用数据点配置操作，启用id为：3 的配置时发现本来就是启用的状态！ 
2025-02-11 00:10:14.1135|WARN|PLCHelperStation.Controller.DBPointConfigController|停用数据点配置操作，停用成功！ 
2025-02-11 00:10:14.1354|WARN|PLCHelperStation.Controller.DBPointConfigController|获取一次数据点配置 
2025-02-11 00:10:15.2245|WARN|PLCHelperStation.Controller.DBPointConfigController|停用数据点配置操作，启用id为：3 的配置时发现本来就是停用的状态！ 
2025-02-11 17:21:11.8620|INFO|Microsoft.Hosting.Lifetime|Now listening on: http://localhost:5264 
2025-02-11 17:21:12.4409|INFO|Microsoft.Hosting.Lifetime|Application started. Press Ctrl+C to shut down. 
2025-02-11 17:21:12.4409|INFO|Microsoft.Hosting.Lifetime|Hosting environment: Development 
2025-02-11 17:21:12.4409|INFO|Microsoft.Hosting.Lifetime|Content root path: E:\Code\项目--学习\HelperWorkStation\PLCHelperStation\PLCHelperStation 
2025-02-11 17:21:39.2643|WARN|PLCHelperStation.Controller.AdminController|用户登录操作，登录成功！ 
2025-02-11 17:21:46.4026|WARN|PLCHelperStation.Controller.PLCConfigController|获取一次PLC配置 
2025-02-11 17:21:52.9318|WARN|PLCHelperStation.Controller.ModbusConfigController|获取一次所有PLC的名称！ 
2025-02-11 17:21:52.9442|WARN|PLCHelperStation.Controller.ModbusConfigController|获取一次所有Modbus配置 
2025-02-11 17:21:56.7157|WARN|PLCHelperStation.Controller.S7ConfigController|获取一次S7配置信息 
2025-02-11 17:22:29.4060|WARN|PLCHelperStation.Controller.DBPointConfigController|获取一次S7配置 
2025-02-11 17:22:29.4272|WARN|PLCHelperStation.Controller.DBPointConfigController|获取一次数据点配置 
2025-02-11 19:29:55.1733|WARN|PLCHelperStation.Controller.S7ConfigController|获取一次S7配置信息 
2025-02-11 19:29:57.4216|WARN|PLCHelperStation.Controller.ModbusConfigController|获取一次所有Modbus配置 
2025-02-11 19:29:57.4323|WARN|PLCHelperStation.Controller.ModbusConfigController|获取一次所有PLC的名称！ 
2025-02-11 19:29:58.6714|WARN|PLCHelperStation.Controller.S7ConfigController|获取一次S7配置信息 
2025-02-11 19:30:00.2356|WARN|PLCHelperStation.Controller.DBPointConfigController|获取一次S7配置 
2025-02-11 19:30:00.2387|WARN|PLCHelperStation.Controller.DBPointConfigController|获取一次数据点配置 
2025-02-11 19:30:55.1384|WARN|PLCHelperStation.Controller.ModbusConfigController|获取一次所有PLC的名称！ 
2025-02-11 19:30:55.1384|WARN|PLCHelperStation.Controller.ModbusConfigController|获取一次所有Modbus配置 
2025-02-11 19:30:56.9376|WARN|PLCHelperStation.Controller.S7ConfigController|获取一次S7配置信息 
2025-02-11 19:30:59.5693|WARN|PLCHelperStation.Controller.ModbusConfigController|获取一次所有Modbus配置 
2025-02-11 19:30:59.5693|WARN|PLCHelperStation.Controller.ModbusConfigController|获取一次所有PLC的名称！ 
2025-02-11 19:31:00.1277|WARN|PLCHelperStation.Controller.PLCConfigController|获取一次PLC配置 
2025-02-11 19:31:20.2361|WARN|PLCHelperStation.Controller.PLCConfigController|修改PLC配置操作，修改成功！ 
2025-02-11 19:31:20.2505|WARN|PLCHelperStation.Controller.PLCConfigController|获取一次PLC配置 
2025-02-11 19:31:25.6108|WARN|PLCHelperStation.Controller.S7ConfigController|获取一次S7配置信息 
2025-02-11 19:31:26.5755|WARN|PLCHelperStation.Controller.ModbusConfigController|获取一次所有PLC的名称！ 
2025-02-11 19:31:26.5755|WARN|PLCHelperStation.Controller.ModbusConfigController|获取一次所有Modbus配置 
2025-02-11 19:33:14.5393|WARN|PLCHelperStation.Controller.PLCConfigController|获取一次PLC配置 
2025-02-11 19:33:21.4836|WARN|PLCHelperStation.Controller.PLCConfigController|获取一次PLC配置 
2025-02-11 19:34:39.7406|WARN|PLCHelperStation.Controller.ModbusConfigController|获取一次所有Modbus配置 
2025-02-11 19:34:39.7406|WARN|PLCHelperStation.Controller.ModbusConfigController|获取一次所有PLC的名称！ 
2025-02-11 19:35:34.8069|WARN|PLCHelperStation.Controller.PLCConfigController|获取一次PLC配置 
2025-02-11 19:35:46.3705|WARN|PLCHelperStation.Controller.ModbusConfigController|获取一次所有PLC的名称！ 
2025-02-11 19:35:46.3831|WARN|PLCHelperStation.Controller.ModbusConfigController|获取一次所有Modbus配置 
2025-02-11 19:37:50.0818|WARN|PLCHelperStation.Controller.ModbusConfigController|获取一次所有Modbus配置 
2025-02-11 19:37:50.0818|WARN|PLCHelperStation.Controller.ModbusConfigController|获取一次所有PLC的名称！ 
2025-02-11 19:38:01.5122|WARN|PLCHelperStation.Controller.ModbusConfigController|获取一次所有PLC的名称！ 
2025-02-11 19:38:01.5122|WARN|PLCHelperStation.Controller.ModbusConfigController|获取一次所有Modbus配置 
2025-02-11 19:39:33.1795|WARN|PLCHelperStation.Controller.ModbusConfigController|获取一次所有PLC的名称！ 
2025-02-11 19:39:33.1795|WARN|PLCHelperStation.Controller.ModbusConfigController|获取一次所有Modbus配置 
2025-02-11 19:39:36.4862|WARN|PLCHelperStation.Controller.ModbusConfigController|获取一次所有Modbus配置 
2025-02-11 19:39:36.4862|WARN|PLCHelperStation.Controller.ModbusConfigController|获取一次所有PLC的名称！ 
2025-02-11 19:39:55.1995|WARN|PLCHelperStation.Controller.DBPointConfigController|获取一次数据点配置 
2025-02-11 19:39:55.1995|WARN|PLCHelperStation.Controller.DBPointConfigController|获取一次S7配置 
2025-02-11 19:45:24.9421|WARN|PLCHelperStation.Controller.ModbusConfigController|获取一次所有Modbus配置 
2025-02-11 19:45:24.9421|WARN|PLCHelperStation.Controller.ModbusConfigController|获取一次所有PLC的名称！ 
2025-02-11 20:08:23.1706|WARN|PLCHelperStation.Controller.ModbusConfigController|获取一次所有Modbus配置 
2025-02-11 20:08:23.1706|WARN|PLCHelperStation.Controller.ModbusConfigController|获取一次所有PLC的名称！ 
2025-02-11 20:09:03.7587|WARN|PLCHelperStation.Controller.S7ConfigController|获取一次S7配置信息 
2025-02-11 20:14:59.1087|WARN|PLCHelperStation.Controller.S7ConfigController|获取一次S7配置信息 
2025-02-11 20:15:08.1809|WARN|PLCHelperStation.Controller.S7ConfigController|获取一次S7配置信息 
2025-02-11 20:16:52.1867|WARN|PLCHelperStation.Controller.DBPointConfigController|获取一次数据点配置 
2025-02-11 20:16:52.1948|WARN|PLCHelperStation.Controller.DBPointConfigController|获取一次S7配置 
2025-02-11 20:16:54.9690|WARN|PLCHelperStation.Controller.S7ConfigController|获取一次S7配置信息 
2025-02-11 20:17:01.3824|WARN|PLCHelperStation.Controller.PLCConfigController|获取一次PLC配置 
2025-02-11 20:28:34.1710|WARN|PLCHelperStation.Controller.ModbusConfigController|获取一次所有Modbus配置 
2025-02-11 20:28:34.1710|WARN|PLCHelperStation.Controller.ModbusConfigController|获取一次所有PLC的名称！ 
2025-02-11 20:28:39.4074|WARN|PLCHelperStation.Controller.S7ConfigController|获取一次S7配置信息 
2025-02-11 20:28:44.1611|WARN|PLCHelperStation.Controller.DBPointConfigController|获取一次S7配置 
2025-02-11 20:28:44.1611|WARN|PLCHelperStation.Controller.DBPointConfigController|获取一次数据点配置 
2025-02-11 20:28:51.1898|WARN|PLCHelperStation.Controller.PLCConfigController|获取一次PLC配置 
2025-02-11 20:33:33.2836|WARN|PLCHelperStation.Controller.S7ConfigController|获取一次S7配置信息 
2025-02-11 20:33:33.6732|WARN|PLCHelperStation.Controller.ModbusConfigController|获取一次所有PLC的名称！ 
2025-02-11 20:33:33.6732|WARN|PLCHelperStation.Controller.ModbusConfigController|获取一次所有Modbus配置 
2025-02-11 20:39:33.3099|WARN|PLCHelperStation.Controller.ModbusConfigController|获取一次所有Modbus配置 
2025-02-11 20:39:33.3099|WARN|PLCHelperStation.Controller.ModbusConfigController|获取一次所有PLC的名称！ 
2025-02-11 20:52:10.5310|WARN|PLCHelperStation.Controller.PLCConfigController|获取一次PLC配置 
2025-02-11 20:55:40.5080|WARN|PLCHelperStation.Controller.ModbusConfigController|获取一次所有Modbus配置 
2025-02-11 20:55:40.5080|WARN|PLCHelperStation.Controller.ModbusConfigController|获取一次所有PLC的名称！ 
2025-02-11 20:56:29.1611|WARN|PLCHelperStation.Controller.ModbusConfigController|获取一次所有PLC的名称！ 
2025-02-11 20:56:29.1611|WARN|PLCHelperStation.Controller.ModbusConfigController|获取一次所有Modbus配置 
2025-02-11 21:00:17.9571|WARN|PLCHelperStation.Controller.ModbusConfigController|获取一次所有PLC的名称！ 
2025-02-11 21:00:17.9571|WARN|PLCHelperStation.Controller.ModbusConfigController|获取一次所有Modbus配置 
2025-02-11 22:09:40.1378|WARN|PLCHelperStation.Controller.ModbusConfigController|获取一次所有Modbus配置 
2025-02-11 22:09:40.1378|WARN|PLCHelperStation.Controller.ModbusConfigController|获取一次所有PLC的名称！ 
2025-02-11 22:09:55.7693|WARN|PLCHelperStation.Controller.ModbusConfigController|修改Modbus配置操作,修改前数据为PLC名称为：本地,设备ID为：1,功能码为：01 Read Coils（0x）,开始地址为：1000,数量为：6,Modbus名称为：本地模拟 
2025-02-11 22:09:55.7905|ERROR|PLCHelperStation.Controller.ModbusConfigController|修改Modbus配置操作，该配置名已存在，配置名称不能重复！ 
2025-02-11 22:09:58.6745|WARN|PLCHelperStation.Controller.ModbusConfigController|修改Modbus配置操作,修改前数据为PLC名称为：本地,设备ID为：1,功能码为：01 Read Coils（0x）,开始地址为：1000,数量为：6,Modbus名称为：本地模拟 
2025-02-11 22:09:58.6780|ERROR|PLCHelperStation.Controller.ModbusConfigController|修改Modbus配置操作，该配置名已存在，配置名称不能重复！ 
2025-02-11 22:09:59.7349|WARN|PLCHelperStation.Controller.ModbusConfigController|修改Modbus配置操作,修改前数据为PLC名称为：本地,设备ID为：1,功能码为：01 Read Coils（0x）,开始地址为：1000,数量为：6,Modbus名称为：本地模拟 
2025-02-11 22:09:59.7473|ERROR|PLCHelperStation.Controller.ModbusConfigController|修改Modbus配置操作，该配置名已存在，配置名称不能重复！ 
2025-02-11 22:10:10.7514|WARN|PLCHelperStation.Controller.ModbusConfigController|修改Modbus配置操作,修改前数据为PLC名称为：本地,设备ID为：1,功能码为：01 Read Coils（0x）,开始地址为：1000,数量为：6,Modbus名称为：本地模拟 
2025-02-11 22:10:10.7539|ERROR|PLCHelperStation.Controller.ModbusConfigController|修改Modbus配置操作，该配置名已存在，配置名称不能重复！ 
2025-02-11 22:11:51.0615|WARN|PLCHelperStation.Controller.ModbusConfigController|获取一次所有PLC的名称！ 
2025-02-11 22:11:51.0615|WARN|PLCHelperStation.Controller.ModbusConfigController|获取一次所有Modbus配置 
2025-02-11 22:13:05.9786|INFO|Microsoft.Hosting.Lifetime|Now listening on: http://localhost:5264 
2025-02-11 22:13:06.4875|INFO|Microsoft.Hosting.Lifetime|Application started. Press Ctrl+C to shut down. 
2025-02-11 22:13:06.5026|INFO|Microsoft.Hosting.Lifetime|Hosting environment: Development 
2025-02-11 22:13:06.5125|INFO|Microsoft.Hosting.Lifetime|Content root path: E:\Code\项目--学习\HelperWorkStation\PLCHelperStation\PLCHelperStation 
2025-02-11 22:13:18.2103|WARN|PLCHelperStation.Controller.ModbusConfigController|修改Modbus配置操作,修改前数据为PLC名称为：本地,设备ID为：1,功能码为：01 Read Coils（0x）,开始地址为：1000,数量为：6,Modbus名称为：本地模拟 
2025-02-11 22:13:18.2103|WARN|PLCHelperStation.Controller.ModbusConfigController|修改Modbus配置操作,修改前数据为PLC名称为：本地,设备ID为：1,功能码为：01 Read Coils（0x）,开始地址为：1000,数量为：6,Modbus名称为：本地模拟 
2025-02-11 22:13:18.2687|ERROR|PLCHelperStation.Controller.ModbusConfigController|修改Modbus配置操作，该配置已存在，配置不能重复！ 
2025-02-11 22:13:18.2702|ERROR|PLCHelperStation.Controller.ModbusConfigController|修改Modbus配置操作，该配置已存在，配置不能重复！ 
2025-02-11 22:13:20.2489|WARN|PLCHelperStation.Controller.ModbusConfigController|修改Modbus配置操作,修改前数据为PLC名称为：本地,设备ID为：1,功能码为：01 Read Coils（0x）,开始地址为：1000,数量为：6,Modbus名称为：本地模拟 
2025-02-11 22:13:20.2546|ERROR|PLCHelperStation.Controller.ModbusConfigController|修改Modbus配置操作，该配置已存在，配置不能重复！ 
2025-02-11 22:13:30.0874|WARN|PLCHelperStation.Controller.ModbusConfigController|修改Modbus配置操作,修改前数据为PLC名称为：本地,设备ID为：1,功能码为：01 Read Coils（0x）,开始地址为：1000,数量为：6,Modbus名称为：本地模拟 
2025-02-11 22:13:30.0874|ERROR|PLCHelperStation.Controller.ModbusConfigController|修改Modbus配置操作，该配置已存在，配置不能重复！ 
2025-02-11 22:13:54.0409|WARN|PLCHelperStation.Controller.ModbusConfigController|修改Modbus配置操作,修改前数据为PLC名称为：本地,设备ID为：1,功能码为：01 Read Coils（0x）,开始地址为：1000,数量为：6,Modbus名称为：本地模拟 
2025-02-11 22:13:54.0536|ERROR|PLCHelperStation.Controller.ModbusConfigController|修改Modbus配置操作，该配置已存在，配置不能重复！ 
2025-02-11 22:14:06.6069|WARN|PLCHelperStation.Controller.ModbusConfigController|修改Modbus配置操作,修改前数据为PLC名称为：本地,设备ID为：1,功能码为：01 Read Coils（0x）,开始地址为：1000,数量为：6,Modbus名称为：本地模拟 
2025-02-11 22:14:39.3389|INFO|Microsoft.Hosting.Lifetime|Now listening on: http://localhost:5264 
2025-02-11 22:14:39.7864|INFO|Microsoft.Hosting.Lifetime|Application started. Press Ctrl+C to shut down. 
2025-02-11 22:14:39.7864|INFO|Microsoft.Hosting.Lifetime|Hosting environment: Development 
2025-02-11 22:14:39.8059|INFO|Microsoft.Hosting.Lifetime|Content root path: E:\Code\项目--学习\HelperWorkStation\PLCHelperStation\PLCHelperStation 
2025-02-11 22:17:22.0963|WARN|PLCHelperStation.Controller.ModbusConfigController|修改Modbus配置操作,修改前数据为PLC名称为：本地,设备ID为：1,功能码为：01 Read Coils（0x）,开始地址为：1000,数量为：6,Modbus名称为：本地模拟 
2025-02-11 22:18:49.6915|INFO|Microsoft.Hosting.Lifetime|Now listening on: http://localhost:5264 
2025-02-11 22:18:50.1581|INFO|Microsoft.Hosting.Lifetime|Application started. Press Ctrl+C to shut down. 
2025-02-11 22:18:50.1626|INFO|Microsoft.Hosting.Lifetime|Hosting environment: Development 
2025-02-11 22:18:50.1626|INFO|Microsoft.Hosting.Lifetime|Content root path: E:\Code\项目--学习\HelperWorkStation\PLCHelperStation\PLCHelperStation 
2025-02-11 22:18:54.4447|WARN|PLCHelperStation.Controller.ModbusConfigController|修改Modbus配置操作,修改前数据为PLC名称为：本地,设备ID为：1,功能码为：01 Read Coils（0x）,开始地址为：1000,数量为：6,Modbus名称为：本地模拟 
2025-02-11 22:18:54.4800|ERROR|PLCHelperStation.Controller.ModbusConfigController|修改Modbus配置操作,修改失败：要修改的对象不存在 
2025-02-11 22:19:36.0130|WARN|PLCHelperStation.Controller.ModbusConfigController|修改Modbus配置操作,修改前数据为PLC名称为：本地,设备ID为：1,功能码为：01 Read Coils（0x）,开始地址为：1000,数量为：6,Modbus名称为：本地模拟 
2025-02-11 22:19:36.1370|WARN|PLCHelperStation.Controller.ModbusConfigController|修改Modbus配置操作，修改成功！修改后的数据为PLC名称为：本地,设备ID为：1,功能码为：01 Read Coils（0x）,开始地址为：800,数量为：6,Modbus名称为：本地模拟 
2025-02-11 22:19:36.2582|WARN|PLCHelperStation.Controller.ModbusConfigController|获取一次所有Modbus配置 
2025-02-11 22:22:05.0248|WARN|PLCHelperStation.Controller.ModbusConfigController|修改Modbus配置操作,修改前数据为PLC名称为：本地,设备ID为：1,功能码为：01 Read Coils（0x）,开始地址为：800,数量为：6,Modbus名称为：本地模拟 
2025-02-11 22:22:05.0473|ERROR|PLCHelperStation.Controller.ModbusConfigController|修改Modbus配置操作，该配置已存在，配置不能重复！ 
2025-02-11 22:22:11.2490|WARN|PLCHelperStation.Controller.ModbusConfigController|修改Modbus配置操作,修改前数据为PLC名称为：本地,设备ID为：1,功能码为：01 Read Coils（0x）,开始地址为：800,数量为：6,Modbus名称为：本地模拟 
2025-02-11 22:22:11.2636|ERROR|PLCHelperStation.Controller.ModbusConfigController|修改Modbus配置操作，该配置已存在，配置不能重复！ 
2025-02-11 22:22:12.7745|WARN|PLCHelperStation.Controller.ModbusConfigController|修改Modbus配置操作,修改前数据为PLC名称为：本地,设备ID为：1,功能码为：01 Read Coils（0x）,开始地址为：800,数量为：6,Modbus名称为：本地模拟 
2025-02-11 22:22:12.7745|ERROR|PLCHelperStation.Controller.ModbusConfigController|修改Modbus配置操作，该配置已存在，配置不能重复！ 
2025-02-11 22:23:32.7143|WARN|PLCHelperStation.Controller.ModbusConfigController|修改Modbus配置操作,修改前数据为PLC名称为：本地,设备ID为：1,功能码为：01 Read Coils（0x）,开始地址为：800,数量为：6,Modbus名称为：本地模拟 
2025-02-11 22:23:42.0624|ERROR|PLCHelperStation.Controller.ModbusConfigController|修改Modbus配置操作，该配置已存在，配置不能重复！ 
2025-02-11 22:24:57.1001|WARN|PLCHelperStation.Controller.ModbusConfigController|修改Modbus配置操作,修改前数据为PLC名称为：本地,设备ID为：1,功能码为：01 Read Coils（0x）,开始地址为：800,数量为：6,Modbus名称为：本地模拟 
2025-02-11 22:26:22.6584|INFO|Microsoft.Hosting.Lifetime|Now listening on: http://localhost:5264 
2025-02-11 22:26:23.1984|INFO|Microsoft.Hosting.Lifetime|Application started. Press Ctrl+C to shut down. 
2025-02-11 22:26:23.1984|INFO|Microsoft.Hosting.Lifetime|Hosting environment: Development 
2025-02-11 22:26:23.2068|INFO|Microsoft.Hosting.Lifetime|Content root path: E:\Code\项目--学习\HelperWorkStation\PLCHelperStation\PLCHelperStation 
2025-02-11 22:26:28.3340|WARN|PLCHelperStation.Controller.ModbusConfigController|修改Modbus配置操作,修改前数据为PLC名称为：本地,设备ID为：1,功能码为：01 Read Coils（0x）,开始地址为：800,数量为：6,Modbus名称为：本地模拟 
2025-02-11 22:26:28.4267|WARN|PLCHelperStation.Controller.ModbusConfigController|修改Modbus配置操作，修改成功！修改后的数据为PLC名称为：本地,设备ID为：1,功能码为：01 Read Coils（0x）,开始地址为：800,数量为：6,Modbus名称为：本地模拟1 
2025-02-11 22:26:28.4675|WARN|PLCHelperStation.Controller.ModbusConfigController|获取一次所有Modbus配置 
2025-02-11 22:26:44.2503|WARN|PLCHelperStation.Controller.ModbusConfigController|修改Modbus配置操作,修改前数据为PLC名称为：本地,设备ID为：1,功能码为：01 Read Coils（0x）,开始地址为：800,数量为：6,Modbus名称为：本地模拟1 
2025-02-11 22:26:44.2679|WARN|PLCHelperStation.Controller.ModbusConfigController|修改Modbus配置操作，修改成功！修改后的数据为PLC名称为：本地,设备ID为：2,功能码为：01 Read Coils（0x）,开始地址为：1000,数量为：6,Modbus名称为：本地模拟 
2025-02-11 22:26:44.2779|WARN|PLCHelperStation.Controller.ModbusConfigController|获取一次所有Modbus配置 
2025-02-11 22:27:14.8877|WARN|PLCHelperStation.Controller.ModbusConfigController|修改Modbus配置操作,修改前数据为PLC名称为：本地,设备ID为：2,功能码为：01 Read Coils（0x）,开始地址为：1000,数量为：6,Modbus名称为：本地模拟 
2025-02-11 22:27:14.9132|WARN|PLCHelperStation.Controller.ModbusConfigController|修改Modbus配置操作，修改成功！修改后的数据为PLC名称为：本地,设备ID为：1,功能码为：01 Read Coils（0x）,开始地址为：800,数量为：6,Modbus名称为：本地模拟1 
2025-02-11 22:27:14.9275|WARN|PLCHelperStation.Controller.ModbusConfigController|获取一次所有Modbus配置 
2025-02-11 22:27:20.0467|WARN|PLCHelperStation.Controller.ModbusConfigController|修改Modbus配置操作,修改前数据为PLC名称为：本地,设备ID为：1,功能码为：01 Read Coils（0x）,开始地址为：800,数量为：6,Modbus名称为：本地模拟1 
2025-02-11 22:27:20.0636|WARN|PLCHelperStation.Controller.ModbusConfigController|修改Modbus配置操作，修改成功！修改后的数据为PLC名称为：本地,设备ID为：1,功能码为：01 Read Coils（0x）,开始地址为：800,数量为：6,Modbus名称为：本地模拟 
2025-02-11 22:27:20.0821|WARN|PLCHelperStation.Controller.ModbusConfigController|获取一次所有Modbus配置 
2025-02-11 22:27:27.3068|WARN|PLCHelperStation.Controller.ModbusConfigController|修改Modbus配置操作,修改前数据为PLC名称为：本地,设备ID为：1,功能码为：01 Read Coils（0x）,开始地址为：800,数量为：6,Modbus名称为：本地模拟 
2025-02-11 22:27:27.3166|ERROR|PLCHelperStation.Controller.ModbusConfigController|修改Modbus配置操作，该配置已存在，配置不能重复！ 
2025-02-11 22:28:03.9420|WARN|PLCHelperStation.Controller.ModbusConfigController|已将新配置保存到数据库！ 
2025-02-11 22:28:03.9625|WARN|PLCHelperStation.Controller.ModbusConfigController|获取一次所有Modbus配置 
2025-02-11 22:28:20.8392|WARN|PLCHelperStation.Controller.ModbusConfigController|修改Modbus配置操作,修改前数据为PLC名称为：本地,设备ID为：1,功能码为：01 Read Coils（0x）,开始地址为：700,数量为：1,Modbus名称为：测试 
2025-02-11 22:28:20.8563|WARN|PLCHelperStation.Controller.ModbusConfigController|修改Modbus配置操作，修改成功！修改后的数据为PLC名称为：本地,设备ID为：1,功能码为：01 Read Coils（0x）,开始地址为：700,数量为：1,Modbus名称为：本地模拟 
2025-02-11 22:28:20.8748|WARN|PLCHelperStation.Controller.ModbusConfigController|获取一次所有Modbus配置 
2025-02-11 22:36:01.5687|WARN|PLCHelperStation.Controller.ModbusConfigController|修改Modbus配置操作,修改前数据为PLC名称为：本地,设备ID为：1,功能码为：01 Read Coils（0x）,开始地址为：700,数量为：1,Modbus名称为：本地模拟 
2025-02-11 22:36:01.6435|WARN|PLCHelperStation.Controller.ModbusConfigController|修改Modbus配置操作，修改成功！修改后的数据为PLC名称为：本地,设备ID为：1,功能码为：01 Read Coils（0x）,开始地址为：700,数量为：1,Modbus名称为：本地模拟1 
2025-02-11 22:36:01.6742|WARN|PLCHelperStation.Controller.ModbusConfigController|获取一次所有Modbus配置 
2025-02-11 22:36:07.0321|WARN|PLCHelperStation.Controller.ModbusConfigController|修改Modbus配置操作,修改前数据为PLC名称为：本地,设备ID为：1,功能码为：01 Read Coils（0x）,开始地址为：700,数量为：1,Modbus名称为：本地模拟1 
2025-02-11 22:36:07.0480|WARN|PLCHelperStation.Controller.ModbusConfigController|修改Modbus配置操作，修改成功！修改后的数据为PLC名称为：本地,设备ID为：1,功能码为：01 Read Coils（0x）,开始地址为：700,数量为：1,Modbus名称为：本地模拟 
2025-02-11 22:36:07.0660|WARN|PLCHelperStation.Controller.ModbusConfigController|获取一次所有Modbus配置 
2025-02-11 22:36:11.3239|WARN|PLCHelperStation.Controller.ModbusConfigController|修改Modbus配置操作,修改前数据为PLC名称为：本地,设备ID为：1,功能码为：01 Read Coils（0x）,开始地址为：700,数量为：1,Modbus名称为：本地模拟 
2025-02-11 22:36:11.3409|WARN|PLCHelperStation.Controller.ModbusConfigController|修改Modbus配置操作，修改成功！修改后的数据为PLC名称为：本地,设备ID为：1,功能码为：01 Read Coils（0x）,开始地址为：700,数量为：1,Modbus名称为：本地模拟1 
2025-02-11 22:36:11.3573|WARN|PLCHelperStation.Controller.ModbusConfigController|获取一次所有Modbus配置 
2025-02-11 22:36:35.1205|WARN|PLCHelperStation.Controller.ModbusConfigController|修改Modbus配置操作,修改前数据为PLC名称为：本地,设备ID为：1,功能码为：01 Read Coils（0x）,开始地址为：700,数量为：1,Modbus名称为：本地模拟1 
2025-02-11 22:43:16.6519|ERROR|PLCHelperStation.Controller.ModbusConfigController|修改Modbus配置操作，该配置名已存在，配置不能重复！ 
2025-02-11 22:43:38.2130|WARN|PLCHelperStation.Controller.ModbusConfigController|修改Modbus配置操作,修改前数据为PLC名称为：本地,设备ID为：1,功能码为：01 Read Coils（0x）,开始地址为：700,数量为：1,Modbus名称为：本地模拟1 
2025-02-11 22:43:38.2339|ERROR|PLCHelperStation.Controller.ModbusConfigController|修改Modbus配置操作，该配置名已存在，配置不能重复！ 
2025-02-11 22:43:43.5092|WARN|PLCHelperStation.Controller.ModbusConfigController|修改Modbus配置操作,修改前数据为PLC名称为：本地,设备ID为：1,功能码为：01 Read Coils（0x）,开始地址为：700,数量为：1,Modbus名称为：本地模拟1 
2025-02-11 22:43:43.5092|ERROR|PLCHelperStation.Controller.ModbusConfigController|修改Modbus配置操作，该配置已存在，配置不能重复！ 
2025-02-11 22:43:53.0231|WARN|PLCHelperStation.Controller.ModbusConfigController|修改Modbus配置操作,修改前数据为PLC名称为：本地,设备ID为：1,功能码为：01 Read Coils（0x）,开始地址为：700,数量为：1,Modbus名称为：本地模拟1 
2025-02-11 22:43:53.0231|ERROR|PLCHelperStation.Controller.ModbusConfigController|修改Modbus配置操作，该配置已存在，配置不能重复！ 
2025-02-11 22:43:58.7257|WARN|PLCHelperStation.Controller.ModbusConfigController|修改Modbus配置操作,修改前数据为PLC名称为：本地,设备ID为：1,功能码为：01 Read Coils（0x）,开始地址为：700,数量为：1,Modbus名称为：本地模拟1 
2025-02-11 22:43:58.7257|WARN|PLCHelperStation.Controller.ModbusConfigController|修改Modbus配置操作，修改成功！修改后的数据为PLC名称为：本地,设备ID为：1,功能码为：01 Read Coils（0x）,开始地址为：800,数量为：1,Modbus名称为：本地模拟1 
2025-02-11 22:43:58.7514|WARN|PLCHelperStation.Controller.ModbusConfigController|获取一次所有Modbus配置 
2025-02-11 22:44:17.9280|WARN|PLCHelperStation.Controller.ModbusConfigController|修改Modbus配置操作,修改前数据为PLC名称为：本地,设备ID为：1,功能码为：01 Read Coils（0x）,开始地址为：800,数量为：1,Modbus名称为：本地模拟1 
2025-02-11 22:44:17.9280|ERROR|PLCHelperStation.Controller.ModbusConfigController|修改Modbus配置操作，该配置名已存在，配置不能重复！ 
2025-02-11 22:44:20.1868|WARN|PLCHelperStation.Controller.ModbusConfigController|修改Modbus配置操作,修改前数据为PLC名称为：本地,设备ID为：1,功能码为：01 Read Coils（0x）,开始地址为：800,数量为：1,Modbus名称为：本地模拟1 
2025-02-11 22:44:20.1974|ERROR|PLCHelperStation.Controller.ModbusConfigController|修改Modbus配置操作，该配置名已存在，配置不能重复！ 
2025-02-11 22:44:25.2230|WARN|PLCHelperStation.Controller.ModbusConfigController|修改Modbus配置操作,修改前数据为PLC名称为：本地,设备ID为：1,功能码为：01 Read Coils（0x）,开始地址为：800,数量为：1,Modbus名称为：本地模拟1 
2025-02-11 22:44:25.2399|WARN|PLCHelperStation.Controller.ModbusConfigController|修改Modbus配置操作，修改成功！修改后的数据为PLC名称为：本地,设备ID为：1,功能码为：01 Read Coils（0x）,开始地址为：1000,数量为：1,Modbus名称为：本地模拟2 
2025-02-11 22:44:25.2595|WARN|PLCHelperStation.Controller.ModbusConfigController|获取一次所有Modbus配置 
2025-02-11 22:44:29.0647|WARN|PLCHelperStation.Controller.ModbusConfigController|启用Modbus配置，id为：6 的配置启用成功！ 
2025-02-11 22:44:29.0826|WARN|PLCHelperStation.Controller.ModbusConfigController|获取一次所有Modbus配置 
2025-02-11 22:44:29.8636|WARN|PLCHelperStation.Controller.ModbusConfigController|停用Modbus配置，id为：6 的配置停用成功！ 
2025-02-11 22:44:29.8841|WARN|PLCHelperStation.Controller.ModbusConfigController|获取一次所有Modbus配置 
2025-02-11 22:44:30.6398|WARN|PLCHelperStation.Controller.ModbusConfigController|停用Modbus配置，启用id为：6 的配置时发现本来就是停用的状态！ 
2025-02-11 22:44:31.2800|WARN|PLCHelperStation.Controller.ModbusConfigController|停用Modbus配置，启用id为：6 的配置时发现本来就是停用的状态！ 
2025-02-11 22:44:32.1648|WARN|PLCHelperStation.Controller.ModbusConfigController|启用Modbus配置，id为：6 的配置启用成功！ 
2025-02-11 22:44:32.1811|WARN|PLCHelperStation.Controller.ModbusConfigController|获取一次所有Modbus配置 
2025-02-11 22:44:32.6703|WARN|PLCHelperStation.Controller.ModbusConfigController|启用Modbus配置，启用id为：6 的配置时发现本来就是启用的状态！ 
2025-02-11 22:44:33.2044|WARN|PLCHelperStation.Controller.ModbusConfigController|启用Modbus配置，启用id为：6 的配置时发现本来就是启用的状态！ 
2025-02-11 22:47:45.5954|WARN|PLCHelperStation.Controller.ModbusConfigController|获取一次所有Modbus配置 
2025-02-11 22:47:45.6214|WARN|PLCHelperStation.Controller.ModbusConfigController|获取一次所有PLC的名称！ 
2025-02-11 22:47:50.4912|WARN|PLCHelperStation.Controller.ModbusConfigController|停用Modbus配置，id为：6 的配置停用成功！ 
2025-02-11 22:47:50.5140|WARN|PLCHelperStation.Controller.ModbusConfigController|获取一次所有Modbus配置 
2025-02-11 22:47:53.0622|WARN|PLCHelperStation.Controller.ModbusConfigController|停用Modbus配置，启用id为：6 的配置时发现本来就是停用的状态！ 
2025-02-11 22:48:00.5670|WARN|PLCHelperStation.Controller.ModbusConfigController|修改Modbus配置操作,修改前数据为PLC名称为：本地,设备ID为：1,功能码为：01 Read Coils（0x）,开始地址为：800,数量为：6,Modbus名称为：本地模拟 
2025-02-11 22:48:00.5670|ERROR|PLCHelperStation.Controller.ModbusConfigController|修改Modbus配置操作，该配置已存在，配置不能重复！ 
2025-02-11 22:49:10.5308|WARN|PLCHelperStation.Controller.ModbusConfigController|获取一次所有Modbus配置 
2025-02-11 22:49:10.5442|WARN|PLCHelperStation.Controller.ModbusConfigController|获取一次所有PLC的名称！ 
2025-02-11 22:49:48.4851|WARN|PLCHelperStation.Controller.ModbusConfigController|获取一次所有Modbus配置 
2025-02-11 22:49:48.4956|WARN|PLCHelperStation.Controller.ModbusConfigController|获取一次所有PLC的名称！ 
2025-02-11 22:52:18.3993|WARN|PLCHelperStation.Controller.ModbusConfigController|获取一次所有Modbus配置 
2025-02-11 22:52:18.4117|WARN|PLCHelperStation.Controller.ModbusConfigController|获取一次所有PLC的名称！ 
2025-02-11 22:52:40.3851|WARN|PLCHelperStation.Controller.ModbusConfigController|启用Modbus配置，启用id为：3 的配置时发现本来就是启用的状态！ 
2025-02-11 22:52:42.0582|WARN|PLCHelperStation.Controller.ModbusConfigController|停用Modbus配置，id为：3 的配置停用成功！ 
2025-02-11 22:52:42.0734|WARN|PLCHelperStation.Controller.ModbusConfigController|获取一次所有Modbus配置 
2025-02-11 22:52:44.2623|WARN|PLCHelperStation.Controller.ModbusConfigController|启用Modbus配置，id为：3 的配置启用成功！ 
2025-02-11 22:52:44.2750|WARN|PLCHelperStation.Controller.ModbusConfigController|获取一次所有Modbus配置 
2025-02-11 22:52:46.2090|WARN|PLCHelperStation.Controller.S7ConfigController|获取一次S7配置信息 
2025-02-11 22:52:47.2409|WARN|PLCHelperStation.Controller.DBPointConfigController|获取一次S7配置 
2025-02-11 22:52:47.2658|WARN|PLCHelperStation.Controller.DBPointConfigController|获取一次数据点配置 
2025-02-11 22:52:51.9160|WARN|PLCHelperStation.Controller.S7ConfigController|获取一次S7配置信息 
2025-02-11 22:52:53.7052|WARN|PLCHelperStation.Controller.ModbusConfigController|获取一次所有Modbus配置 
2025-02-11 22:52:53.7079|WARN|PLCHelperStation.Controller.ModbusConfigController|获取一次所有PLC的名称！ 
2025-02-11 22:57:31.2007|ERROR|Microsoft.AspNetCore.Diagnostics.DeveloperExceptionPageMiddleware|An unhandled exception has occurred while executing the request. Swashbuckle.AspNetCore.SwaggerGen.SwaggerGeneratorException: Conflicting method/path combination "PUT api/ModbusConfig/UpdateModbusConfig" for actions - PLCHelperStation.Controller.ModbusConfigController.UpdateModbusConfig (PLCHelperStation),PLCHelperStation.Controller.ModbusConfigController.UpdateModbusConfig (PLCHelperStation). Actions require a unique method/path combination for Swagger/OpenAPI 3.0. Use ConflictingActionsResolver as a workaround
   at Swashbuckle.AspNetCore.SwaggerGen.SwaggerGenerator.GenerateOperations(IEnumerable`1 apiDescriptions, SchemaRepository schemaRepository)
   at Swashbuckle.AspNetCore.SwaggerGen.SwaggerGenerator.GeneratePaths(IEnumerable`1 apiDescriptions, SchemaRepository schemaRepository)
   at Swashbuckle.AspNetCore.SwaggerGen.SwaggerGenerator.GetSwaggerDocumentWithoutFilters(String documentName, String host, String basePath)
   at Swashbuckle.AspNetCore.SwaggerGen.SwaggerGenerator.GetSwaggerAsync(String documentName, String host, String basePath)
   at Swashbuckle.AspNetCore.Swagger.SwaggerMiddleware.Invoke(HttpContext httpContext, ISwaggerProvider swaggerProvider)
   at Microsoft.AspNetCore.Diagnostics.DeveloperExceptionPageMiddlewareImpl.Invoke(HttpContext context)
2025-02-11 22:57:57.9986|INFO|Microsoft.Hosting.Lifetime|Now listening on: http://localhost:5264 
2025-02-11 22:57:58.5505|INFO|Microsoft.Hosting.Lifetime|Application started. Press Ctrl+C to shut down. 
2025-02-11 22:57:58.5568|INFO|Microsoft.Hosting.Lifetime|Hosting environment: Development 
2025-02-11 22:57:58.5568|INFO|Microsoft.Hosting.Lifetime|Content root path: E:\Code\项目--学习\HelperWorkStation\PLCHelperStation\PLCHelperStation 
2025-02-11 22:58:13.3903|WARN|PLCHelperStation.Controller.ModbusConfigController|启用Modbus配置，id为：6 的配置启用成功！ 
2025-02-11 22:58:13.4382|WARN|PLCHelperStation.Controller.ModbusConfigController|启用Modbus配置，启用id为：6 的配置时发现本来就是启用的状态！ 
2025-02-11 22:58:13.4552|WARN|PLCHelperStation.Controller.ModbusConfigController|获取一次所有Modbus配置 
2025-02-11 22:58:21.4474|ERROR|PLCHelperStation.Controller.ModbusConfigController|执行删除Modbus配置操作，用户打算删除名称为：本地模拟2的Modbus配置但是该配置目前是启用的，所以不允许删除！ 
2025-02-11 22:58:52.9197|ERROR|PLCHelperStation.Controller.ModbusConfigController|执行删除Modbus配置操作，用户打算删除名称为：本地模拟2的Modbus配置但是该配置目前是启用的，所以不允许删除！ 
