2025-02-08 00:00:33.7319|INFO|PLCHelperStation.Controller.Log.OperationLogsController|获取一次所有日志 
2025-02-08 00:02:55.5062|INFO|PLCHelperStation.Controller.Log.OperationLogsController|用户查询了一次关键字为：1的日志 
2025-02-08 00:06:33.7938|INFO|PLCHelperStation.Controller.Log.OperationLogsController|获取一次所有日志 
2025-02-08 00:10:32.0308|INFO|PLCHelperStation.Controller.Log.OperationLogsController|用户查询了一次关键字为：${queryForm.value.operator}的日志 
2025-02-08 00:11:24.9697|INFO|PLCHelperStation.Controller.AdminController|用户登录操作，登录成功！ 
2025-02-08 00:11:29.0030|INFO|PLCHelperStation.Controller.PLCConfigController|获取一次PLC配置 
2025-02-08 00:11:30.6647|INFO|PLCHelperStation.Controller.Log.OperationLogsController|用户查询了一次关键字为：${queryForm.value.operator}的日志 
2025-02-08 00:12:25.5092|INFO|PLCHelperStation.Controller.AdminController|用户登录操作，登录成功！ 
2025-02-08 00:12:33.0580|INFO|PLCHelperStation.Controller.PLCConfigController|获取一次PLC配置 
2025-02-08 00:12:35.8466|INFO|PLCHelperStation.Controller.Log.OperationLogsController|用户查询了一次关键字为：${queryForm.value.operator}的日志 
2025-02-08 00:16:44.2717|INFO|PLCHelperStation.Controller.AdminController|用户登录操作，登录成功！ 
2025-02-08 00:16:47.3911|INFO|PLCHelperStation.Controller.PLCConfigController|获取一次PLC配置 
2025-02-08 00:16:49.5404|INFO|PLCHelperStation.Controller.Log.OperationLogsController|获取一次所有日志 
2025-02-08 00:17:50.7972|INFO|PLCHelperStation.Controller.Log.OperationLogsController|获取一次所有日志 
2025-02-08 00:17:54.6346|INFO|PLCHelperStation.Controller.Log.OperationLogsController|用户查询了一次关键字为：1的日志 
2025-02-08 00:18:47.9478|INFO|PLCHelperStation.Controller.Log.OperationLogsController|获取一次所有日志 
2025-02-08 00:18:51.1789|INFO|PLCHelperStation.Controller.Log.OperationLogsController|获取一次所有日志 
2025-02-08 00:18:56.6444|INFO|PLCHelperStation.Controller.Log.OperationLogsController|用户查询了一次关键字为：1的日志 
2025-02-08 00:20:21.3507|INFO|PLCHelperStation.Controller.Log.OperationLogsController|根据日志级别为：Info查询，查询成功 
2025-02-08 00:23:20.6848|INFO|PLCHelperStation.Controller.Log.OperationLogsController|获取一次所有日志 
2025-02-08 00:23:28.7519|INFO|PLCHelperStation.Controller.Log.OperationLogsController|根据日志级别为：Trace查询，查询成功 
2025-02-08 00:23:30.0486|INFO|PLCHelperStation.Controller.Log.OperationLogsController|根据日志级别为：Trace查询，查询成功 
2025-02-08 00:23:30.4480|INFO|PLCHelperStation.Controller.Log.OperationLogsController|根据日志级别为：Trace查询，查询成功 
2025-02-08 00:23:30.6746|INFO|PLCHelperStation.Controller.Log.OperationLogsController|根据日志级别为：Trace查询，查询成功 
2025-02-08 00:23:30.8832|INFO|PLCHelperStation.Controller.Log.OperationLogsController|根据日志级别为：Trace查询，查询成功 
2025-02-08 00:23:31.0772|INFO|PLCHelperStation.Controller.Log.OperationLogsController|根据日志级别为：Trace查询，查询成功 
2025-02-08 00:23:33.1947|INFO|PLCHelperStation.Controller.Log.OperationLogsController|根据日志级别为：Info查询，查询成功 
2025-02-08 00:23:36.8698|INFO|PLCHelperStation.Controller.Log.OperationLogsController|根据日志级别为：Warn查询，查询成功 
2025-02-08 00:23:50.7300|INFO|PLCHelperStation.Controller.Log.OperationLogsController|根据日志级别为：Trace查询，查询成功 
2025-02-08 00:24:38.9440|INFO|PLCHelperStation.Controller.Log.OperationLogsController|获取一次所有日志 
2025-02-08 00:24:42.3525|INFO|PLCHelperStation.Controller.Log.OperationLogsController|根据日志级别为：Trace查询，查询成功 
2025-02-08 00:24:45.9993|INFO|PLCHelperStation.Controller.Log.OperationLogsController|根据日志级别为：Error查询，查询成功 
2025-02-08 00:24:54.5610|INFO|PLCHelperStation.Controller.Log.OperationLogsController|根据日志级别为：Debug查询，查询成功 
2025-02-08 00:24:57.3333|INFO|PLCHelperStation.Controller.Log.OperationLogsController|根据日志级别为：Warn查询，查询成功 
2025-02-08 00:26:53.4640|INFO|PLCHelperStation.Controller.Log.OperationLogsController|获取一次所有日志 
2025-02-08 00:26:55.0582|INFO|PLCHelperStation.Controller.PLCConfigController|获取一次PLC配置 
2025-02-08 00:27:02.5386|INFO|PLCHelperStation.Controller.Log.OperationLogsController|获取一次所有日志 
2025-02-08 08:00:54.2720|INFO|PLCHelperStation.Controller.Log.OperationLogsController|获取一次所有日志 
2025-02-08 12:05:18.0284|WARN|PLCHelperStation.Controller.ModbusConfigController|获取一次所有PLC的名称！ 
2025-02-08 12:05:18.0436|INFO|PLCHelperStation.Controller.ModbusConfigController|获取一次所有Modbus配置 
2025-02-08 12:05:37.4295|INFO|PLCHelperStation.Controller.PLCConfigController|获取一次PLC配置 
2025-02-08 12:05:59.8307|WARN|PLCHelperStation.Controller.ModbusConfigController|获取一次所有PLC的名称！ 
2025-02-08 12:05:59.8307|INFO|PLCHelperStation.Controller.ModbusConfigController|获取一次所有Modbus配置 
