2025-02-09 10:44:53.9257|INFO|Microsoft.Hosting.Lifetime|Now listening on: http://localhost:5264 
2025-02-09 10:44:54.5116|INFO|Microsoft.Hosting.Lifetime|Application started. Press Ctrl+C to shut down. 
2025-02-09 10:44:54.5116|INFO|Microsoft.Hosting.Lifetime|Hosting environment: Development 
2025-02-09 10:44:54.5116|INFO|Microsoft.Hosting.Lifetime|Content root path: E:\Code\项目--学习\HelperWorkStation\PLCHelperStation\PLCHelperStation 
2025-02-09 10:45:21.8806|WARN|PLCHelperStation.Controller.S7ConfigController|获取一次S7配置信息 
2025-02-09 10:45:23.3102|WARN|PLCHelperStation.Controller.ModbusConfigController|获取一次所有Modbus配置 
2025-02-09 10:45:23.3778|WARN|PLCHelperStation.Controller.ModbusConfigController|获取一次所有PLC的名称！ 
2025-02-09 10:45:24.0254|WARN|PLCHelperStation.Controller.S7ConfigController|获取一次S7配置信息 
2025-02-09 10:49:27.4931|WARN|PLCHelperStation.Controller.S7ConfigController|获取一次S7配置信息 
2025-02-09 15:05:21.6264|WARN|PLCHelperStation.Controller.S7ConfigController|获取一次S7配置信息 
2025-02-09 15:05:41.4438|WARN|PLCHelperStation.Controller.S7ConfigController|获取一次S7配置信息 
2025-02-09 15:05:42.9542|WARN|PLCHelperStation.Controller.ModbusConfigController|获取一次所有Modbus配置 
2025-02-09 15:05:42.9671|WARN|PLCHelperStation.Controller.ModbusConfigController|获取一次所有PLC的名称！ 
2025-02-09 15:05:43.5799|WARN|PLCHelperStation.Controller.S7ConfigController|获取一次S7配置信息 
2025-02-09 15:05:46.3538|WARN|PLCHelperStation.Controller.S7ConfigController|获取一次S7配置信息 
2025-02-09 15:10:04.1233|WARN|PLCHelperStation.Controller.S7ConfigController|获取一次S7配置信息 
2025-02-09 15:10:05.2205|WARN|PLCHelperStation.Controller.ModbusConfigController|获取一次所有Modbus配置 
2025-02-09 15:10:05.2205|WARN|PLCHelperStation.Controller.ModbusConfigController|获取一次所有PLC的名称！ 
2025-02-09 15:10:05.9989|WARN|PLCHelperStation.Controller.S7ConfigController|获取一次S7配置信息 
2025-02-09 15:10:08.7608|WARN|PLCHelperStation.Controller.Log.OperationLogsController|获取一次所有日志 
2025-02-09 15:10:16.1241|WARN|PLCHelperStation.Controller.Log.OperationLogsController|根据日志级别为：Warn查询，查询成功 
2025-02-09 15:10:37.4436|WARN|PLCHelperStation.Controller.Log.OperationLogsController|根据日志级别为：undefined查询，查询成功 
2025-02-09 15:10:39.8998|WARN|PLCHelperStation.Controller.Log.OperationLogsController|获取一次所有日志 
2025-02-09 16:03:26.0608|WARN|PLCHelperStation.Controller.S7ConfigController|获取一次S7配置信息 
2025-02-09 16:11:51.9677|WARN|PLCHelperStation.Controller.Log.OperationLogsController|获取一次所有日志 
